<?xml version="1.0" encoding="UTF-8"?>
<testng-results ignored="0" total="1" passed="1" failed="0" skipped="0">
  <reporter-output>
  </reporter-output>
  <suite started-at="2024-03-16T11:32:54 IST" name="Suite" finished-at="2024-03-16T11:33:02 IST" duration-ms="8079">
    <groups>
    </groups>
    <test started-at="2024-03-16T11:32:54 IST" name="Test" finished-at="2024-03-16T11:33:02 IST" duration-ms="8079">
      <class name="example.NewTest">
        <test-method is-config="true" signature="beforeTest()[pri:0, instance:example.NewTest@130161f7]" started-at="2024-03-16T11:32:54 IST" name="beforeTest" finished-at="2024-03-16T11:32:57 IST" duration-ms="2808" status="PASS">
          <reporter-output>
          </reporter-output>
        </test-method> <!-- beforeTest -->
        <test-method signature="testEasy()[pri:0, instance:example.NewTest@130161f7]" started-at="2024-03-16T11:32:57 IST" name="testEasy" finished-at="2024-03-16T11:33:02 IST" duration-ms="5222" status="PASS">
          <reporter-output>
          </reporter-output>
        </test-method> <!-- testEasy -->
      </class> <!-- example.NewTest -->
    </test> <!-- Test -->
  </suite> <!-- Suite -->
</testng-results>
